<?xml version="1.0" encoding="UTF-8"?>
<!-- Generated by org.testng.reporters.JUnitReportReporter -->
<testsuite hostname="DESKTOP-065BF1N" failures="0" tests="1" name="runner.TestRunner" time="14.363" errors="0" timestamp="2023-07-28T12:56:33 IST" skipped="0">
  <testcase classname="runner.TestRunner" name="runScenario" time="14.363"/>
  <system-out/>
</testsuite> <!-- runner.TestRunner -->
